<?xml version="1.0" encoding="UTF-8"?>
<!-- Generated by org.testng.reporters.JUnitXMLReporter -->
<testsuite ignored="0" hostname="DESKTOP-3DRKIKP" failures="0" tests="2" name="Run on CHROME" time="14.125" errors="0" timestamp="26 Nov 2022 03:00:18 GMT">
  <testcase classname="com.nopcommerce.tri.Level_1_Register_Login_and_Screenshot" name="TC_01_Register" time="8.627"/>
  <testcase classname="com.nopcommerce.tri.Level_1_Register_Login_and_Screenshot" name="TC_02_Login" time="2.342"/>
</testsuite> <!-- Run on CHROME -->
