<?xml version="1.0" encoding="UTF-8"?>
<!-- Generated by org.testng.reporters.JUnitXMLReporter -->
<testsuite ignored="0" hostname="DESKTOP-3DRKIKP" failures="0" tests="2" name="Run on CHROME" time="12.919" errors="0" timestamp="26 Nov 2022 05:00:56 GMT">
  <testcase classname="com.nopcommerce.tri.Level_1_Register_Login_and_Screenshot" name="TC_01_Register" time="7.896"/>
  <testcase classname="com.nopcommerce.tri.Level_1_Register_Login_and_Screenshot" name="TC_02_Login" time="1.843"/>
</testsuite> <!-- Run on CHROME -->
