<?xml version="1.0" encoding="UTF-8"?>
<testng-results ignored="0" total="2" passed="2" failed="0" skipped="0">
  <reporter-output>
    <line>
      <![CDATA[[INFO ] [2022-11-26 12:00:43,507] ---------- START delete file in folder ----------
<br>]]>
    </line>
    <line>
      <![CDATA[[INFO ] [2022-11-26 12:00:43,508] ---------- END delete file in folder ----------
<br>]]>
    </line>
    <line>
      <![CDATA[[INFO ] [2022-11-26 12:00:43,530] Pre-Condition - Open browser 'chrome' and navigate to 'https://demo.nopcommerce.com/'
<br>]]>
    </line>
    <line>
      <![CDATA[[INFO ] [2022-11-26 12:00:46,507] TC_01_Register: Click on register link from Home Page
<br>]]>
    </line>
    <line>
      <![CDATA[[INFO ] [2022-11-26 12:00:47,950] Click to Gender Male Radio
<br>]]>
    </line>
    <line>
      <![CDATA[[INFO ] [2022-11-26 12:00:48,112] Enter First Name Textbox
<br>]]>
    </line>
    <line>
      <![CDATA[[INFO ] [2022-11-26 12:00:48,285] Enter Last Name Textbox
<br>]]>
    </line>
    <line>
      <![CDATA[[INFO ] [2022-11-26 12:00:48,443] Select Day from Dropdown
<br>]]>
    </line>
    <line>
      <![CDATA[[INFO ] [2022-11-26 12:00:48,569] Select Month from Dropdown
<br>]]>
    </line>
    <line>
      <![CDATA[[INFO ] [2022-11-26 12:00:48,727] Select Year from Dropdown
<br>]]>
    </line>
    <line>
      <![CDATA[[INFO ] [2022-11-26 12:00:48,878] Enter Email Adress from Textbox
<br>]]>
    </line>
    <line>
      <![CDATA[[INFO ] [2022-11-26 12:00:49,077] Enter Company Name from Textbox
<br>]]>
    </line>
    <line>
      <![CDATA[[INFO ] [2022-11-26 12:00:49,266] Enter Password from Textbox
<br>]]>
    </line>
    <line>
      <![CDATA[[INFO ] [2022-11-26 12:00:49,443] Enter Confirm Password from Textbox
<br>]]>
    </line>
    <line>
      <![CDATA[[INFO ] [2022-11-26 12:00:49,609] Click To Register Button
<br>]]>
    </line>
    <line>
      <![CDATA[[INFO ] [2022-11-26 12:00:53,607] Verify the register is successfully
<br>]]>
    </line>
    <line>
      <![CDATA[[INFO ] [2022-11-26 12:00:53,677]  -------------------------- PASSED -------------------------- 
<br>]]>
    </line>
    <line>
      <![CDATA[[INFO ] [2022-11-26 12:00:53,680] Click To Logout Button
<br>]]>
    </line>
    <line>
      <![CDATA[[INFO ] [2022-11-26 12:00:54,449] TC_02_Login: Click on Login link from Home Page
<br>]]>
    </line>
    <line>
      <![CDATA[[INFO ] [2022-11-26 12:00:55,144] Enter Email Address from Textbox
<br>]]>
    </line>
    <line>
      <![CDATA[[INFO ] [2022-11-26 12:00:55,329] Enter Password from Textbox
<br>]]>
    </line>
    <line>
      <![CDATA[[INFO ] [2022-11-26 12:00:55,520] Click To Login Button
<br>]]>
    </line>
    <line>
      <![CDATA[[INFO ] [2022-11-26 12:00:56,237] Verify the login is successfully
<br>]]>
    </line>
    <line>
      <![CDATA[[INFO ] [2022-11-26 12:00:56,291]  -------------------------- PASSED -------------------------- 
<br>]]>
    </line>
    <line>
      <![CDATA[[INFO ] [2022-11-26 12:00:56,294] Post-Condition: Close browser
<br>]]>
    </line>
  </reporter-output>
  <suite started-at="2022-11-26T05:00:43Z" name="User NopCommerce" finished-at="2022-11-26T05:00:56Z" duration-ms="12919">
    <groups>
    </groups>
    <test started-at="2022-11-26T05:00:43Z" name="Run on CHROME" finished-at="2022-11-26T05:00:56Z" duration-ms="12919">
      <class name="com.nopcommerce.tri.Level_1_Register_Login_and_Screenshot">
        <test-method is-config="true" signature="deleteAllFilesInReportNGScreenshot()[pri:0, instance:com.nopcommerce.tri.Level_1_Register_Login_and_Screenshot@138caeca]" started-at="2022-11-26T05:00:43Z" name="deleteAllFilesInReportNGScreenshot" finished-at="2022-11-26T05:00:43Z" duration-ms="27" status="PASS">
          <reporter-output>
            <line>
              <![CDATA[[INFO ] [2022-11-26 12:00:43,507] ---------- START delete file in folder ----------
<br>]]>
            </line>
            <line>
              <![CDATA[[INFO ] [2022-11-26 12:00:43,508] ---------- END delete file in folder ----------
<br>]]>
            </line>
          </reporter-output>
        </test-method> <!-- deleteAllFilesInReportNGScreenshot -->
        <test-method is-config="true" signature="beforeClass(java.lang.String, java.lang.String)[pri:0, instance:com.nopcommerce.tri.Level_1_Register_Login_and_Screenshot@138caeca]" started-at="2022-11-26T05:00:43Z" name="beforeClass" finished-at="2022-11-26T05:00:46Z" duration-ms="2947" status="PASS">
          <params>
            <param index="0">
              <value>
                <![CDATA[chrome]]>
              </value>
            </param>
            <param index="1">
              <value>
                <![CDATA[https://demo.nopcommerce.com/]]>
              </value>
            </param>
          </params>
          <reporter-output>
            <line>
              <![CDATA[[INFO ] [2022-11-26 12:00:43,530] Pre-Condition - Open browser 'chrome' and navigate to 'https://demo.nopcommerce.com/'
<br>]]>
            </line>
          </reporter-output>
        </test-method> <!-- beforeClass -->
        <test-method signature="TC_01_Register()[pri:0, instance:com.nopcommerce.tri.Level_1_Register_Login_and_Screenshot@138caeca]" started-at="2022-11-26T05:00:46Z" name="TC_01_Register" finished-at="2022-11-26T05:00:54Z" duration-ms="7896" status="PASS">
          <reporter-output>
            <line>
              <![CDATA[[INFO ] [2022-11-26 12:00:46,507] TC_01_Register: Click on register link from Home Page
<br>]]>
            </line>
            <line>
              <![CDATA[[INFO ] [2022-11-26 12:00:47,950] Click to Gender Male Radio
<br>]]>
            </line>
            <line>
              <![CDATA[[INFO ] [2022-11-26 12:00:48,112] Enter First Name Textbox
<br>]]>
            </line>
            <line>
              <![CDATA[[INFO ] [2022-11-26 12:00:48,285] Enter Last Name Textbox
<br>]]>
            </line>
            <line>
              <![CDATA[[INFO ] [2022-11-26 12:00:48,443] Select Day from Dropdown
<br>]]>
            </line>
            <line>
              <![CDATA[[INFO ] [2022-11-26 12:00:48,569] Select Month from Dropdown
<br>]]>
            </line>
            <line>
              <![CDATA[[INFO ] [2022-11-26 12:00:48,727] Select Year from Dropdown
<br>]]>
            </line>
            <line>
              <![CDATA[[INFO ] [2022-11-26 12:00:48,878] Enter Email Adress from Textbox
<br>]]>
            </line>
            <line>
              <![CDATA[[INFO ] [2022-11-26 12:00:49,077] Enter Company Name from Textbox
<br>]]>
            </line>
            <line>
              <![CDATA[[INFO ] [2022-11-26 12:00:49,266] Enter Password from Textbox
<br>]]>
            </line>
            <line>
              <![CDATA[[INFO ] [2022-11-26 12:00:49,443] Enter Confirm Password from Textbox
<br>]]>
            </line>
            <line>
              <![CDATA[[INFO ] [2022-11-26 12:00:49,609] Click To Register Button
<br>]]>
            </line>
            <line>
              <![CDATA[[INFO ] [2022-11-26 12:00:53,607] Verify the register is successfully
<br>]]>
            </line>
            <line>
              <![CDATA[[INFO ] [2022-11-26 12:00:53,677]  -------------------------- PASSED -------------------------- 
<br>]]>
            </line>
            <line>
              <![CDATA[[INFO ] [2022-11-26 12:00:53,680] Click To Logout Button
<br>]]>
            </line>
          </reporter-output>
        </test-method> <!-- TC_01_Register -->
        <test-method signature="TC_02_Login()[pri:0, instance:com.nopcommerce.tri.Level_1_Register_Login_and_Screenshot@138caeca]" started-at="2022-11-26T05:00:54Z" name="TC_02_Login" finished-at="2022-11-26T05:00:56Z" duration-ms="1843" status="PASS">
          <reporter-output>
            <line>
              <![CDATA[[INFO ] [2022-11-26 12:00:54,449] TC_02_Login: Click on Login link from Home Page
<br>]]>
            </line>
            <line>
              <![CDATA[[INFO ] [2022-11-26 12:00:55,144] Enter Email Address from Textbox
<br>]]>
            </line>
            <line>
              <![CDATA[[INFO ] [2022-11-26 12:00:55,329] Enter Password from Textbox
<br>]]>
            </line>
            <line>
              <![CDATA[[INFO ] [2022-11-26 12:00:55,520] Click To Login Button
<br>]]>
            </line>
            <line>
              <![CDATA[[INFO ] [2022-11-26 12:00:56,237] Verify the login is successfully
<br>]]>
            </line>
            <line>
              <![CDATA[[INFO ] [2022-11-26 12:00:56,291]  -------------------------- PASSED -------------------------- 
<br>]]>
            </line>
          </reporter-output>
        </test-method> <!-- TC_02_Login -->
        <test-method is-config="true" signature="afterClass()[pri:0, instance:com.nopcommerce.tri.Level_1_Register_Login_and_Screenshot@138caeca]" started-at="2022-11-26T05:00:56Z" name="afterClass" finished-at="2022-11-26T05:00:56Z" duration-ms="102" status="PASS">
          <reporter-output>
            <line>
              <![CDATA[[INFO ] [2022-11-26 12:00:56,294] Post-Condition: Close browser
<br>]]>
            </line>
          </reporter-output>
        </test-method> <!-- afterClass -->
      </class> <!-- com.nopcommerce.tri.Level_1_Register_Login_and_Screenshot -->
    </test> <!-- Run on CHROME -->
  </suite> <!-- User NopCommerce -->
</testng-results>
